2025-08-20 18:08:00 | INFO | repo=course-sys-int-systems | action=commit
2025-08-10 07:12:00 | INFO | repo=course-sys-int-systems | action=commit
2025-10-19 10:00:00 | WARN | repo=course-sys-int-systems | action=commit
2025-10-17 20:10:00 | WARN | repo=course-sys-int-systems | action=commit
2025-12-25 11:05:00 | INFO | repo=course-sys-int-systems | action=commit
2025-12-21 08:12:00 | WARN | repo=course-sys-int-systems | action=commit
2025-06-21 07:59:00 | WARN | repo=course-sys-int-systems | action=commit
2025-07-20 19:02:00 | INFO | repo=course-sys-int-systems | action=edit | files=2
2025-05-18 16:12:00 | DEBUG | repo=course-sys-int-systems | action=commit
2025-02-20 11:37:00 | WARN | repo=course-sys-int-systems | action=pull
2025-10-22 21:19:00 | DEBUG | repo=course-sys-int-systems | action=commit
2025-12-28 18:51:00 | INFO | repo=course-sys-int-systems | action=pull
2025-04-03 20:45:00 | DEBUG | repo=course-sys-int-systems | action=pull
2025-06-01 10:47:00 | INFO | repo=course-sys-int-systems | action=test | passed=true
2025-11-10 21:29:00 | DEBUG | repo=course-sys-int-systems | action=commit
2025-12-07 21:16:00 | INFO | repo=course-sys-int-systems | action=test | passed=true
2025-10-18 13:56:00 | DEBUG | repo=course-sys-int-systems | action=commit
2025-02-23 14:57:00 | INFO | repo=course-sys-int-systems | action=commit
2025-05-18 17:03:00 | WARN | repo=course-sys-int-systems | action=commit
2025-05-03 19:57:00 | INFO | repo=course-sys-int-systems | action=test | passed=true
2025-11-28 07:05:00 | WARN | repo=course-sys-int-systems | action=edit | files=2
2025-12-19 21:38:00 | WARN | repo=course-sys-int-systems | action=commit
2025-08-23 21:47:00 | WARN | repo=course-sys-int-systems | action=pull
2025-08-11 10:34:00 | WARN | repo=course-sys-int-systems | action=edit | files=2
2025-11-19 20:34:00 | WARN | repo=course-sys-int-systems | action=test | passed=true
2025-10-11 12:10:00 | DEBUG | repo=course-sys-int-systems | action=test | passed=true
2025-06-11 13:26:00 | INFO | repo=course-sys-int-systems | action=commit
2025-05-19 16:03:00 | INFO | repo=course-sys-int-systems | action=commit
2025-09-24 09:37:00 | WARN | repo=course-sys-int-systems | action=edit | files=1
2025-10-27 13:58:00 | WARN | repo=course-sys-int-systems | action=commit
2025-03-11 10:39:00 | INFO | repo=course-sys-int-systems | action=pull
2025-11-25 15:13:00 | INFO | repo=course-sys-int-systems | action=commit
2025-10-06 14:09:00 | DEBUG | repo=course-sys-int-systems | action=test | passed=true
2025-10-28 10:03:00 | DEBUG | repo=course-sys-int-systems | action=edit | files=3
2025-11-09 20:19:00 | INFO | repo=course-sys-int-systems | action=commit
2025-11-20 19:56:00 | WARN | repo=course-sys-int-systems | action=commit
2025-07-21 18:46:00 | WARN | repo=course-sys-int-systems | action=test | passed=true
2025-11-19 08:33:00 | WARN | repo=course-sys-int-systems | action=edit | files=1
2025-07-02 15:53:00 | INFO | repo=course-sys-int-systems | action=commit
2025-02-06 17:41:00 | WARN | repo=course-sys-int-systems | action=commit
2025-06-10 20:40:00 | DEBUG | repo=course-sys-int-systems | action=pull
2025-01-09 18:13:00 | WARN | repo=course-sys-int-systems | action=commit
2025-07-21 13:24:00 | WARN | repo=course-sys-int-systems | action=commit
2025-02-09 08:13:00 | WARN | repo=course-sys-int-systems | action=pull
2025-07-19 20:14:00 | DEBUG | repo=course-sys-int-systems | action=commit
2025-05-13 18:25:00 | WARN | repo=course-sys-int-systems | action=test | passed=true
2025-05-05 19:55:00 | WARN | repo=course-sys-int-systems | action=commit
2025-01-28 19:56:00 | INFO | repo=course-sys-int-systems | action=pull
2025-05-28 08:23:00 | INFO | repo=course-sys-int-systems | action=commit
2025-01-11 09:10:00 | INFO | repo=course-sys-int-systems | action=test | passed=true
2025-02-10 19:24:00 | INFO | repo=course-sys-int-systems | action=commit
2025-10-08 11:45:00 | WARN | repo=course-sys-int-systems | action=commit
2025-06-19 10:49:00 | WARN | repo=course-sys-int-systems | action=edit | files=4
2025-12-08 15:27:00 | DEBUG | repo=course-sys-int-systems | action=test | passed=true
2025-07-09 17:27:00 | WARN | repo=course-sys-int-systems | action=pull
2025-06-04 21:34:00 | DEBUG | repo=course-sys-int-systems | action=edit | files=5
2025-06-02 07:38:00 | DEBUG | repo=course-sys-int-systems | action=test | passed=true
2025-11-25 09:23:00 | DEBUG | repo=course-sys-int-systems | action=commit
2025-12-06 08:35:00 | DEBUG | repo=course-sys-int-systems | action=commit
2025-08-28 09:13:00 | DEBUG | repo=course-sys-int-systems | action=commit
2025-05-12 07:22:00 | DEBUG | repo=course-sys-int-systems | action=commit
2025-02-09 08:34:00 | INFO | repo=course-sys-int-systems | action=edit | files=3
2025-04-16 15:08:00 | WARN | repo=course-sys-int-systems | action=commit
2025-12-23 14:58:00 | INFO | repo=course-sys-int-systems | action=edit | files=3
2025-05-16 07:32:00 | INFO | repo=course-sys-int-systems | action=commit
2025-05-04 13:52:00 | WARN | repo=course-sys-int-systems | action=commit
2025-08-20 08:39:00 | WARN | repo=course-sys-int-systems | action=pull
2025-06-23 18:56:00 | INFO | repo=course-sys-int-systems | action=edit | files=5
2025-01-12 21:19:00 | DEBUG | repo=course-sys-int-systems | action=test | passed=true
2025-12-03 19:54:00 | WARN | repo=course-sys-int-systems | action=commit
2025-03-22 19:38:00 | INFO | repo=course-sys-int-systems | action=pull
2025-07-01 08:14:00 | DEBUG | repo=course-sys-int-systems | action=edit | files=5
2025-03-03 14:16:00 | INFO | repo=course-sys-int-systems | action=commit
2025-10-11 12:13:00 | WARN | repo=course-sys-int-systems | action=commit
2025-08-18 08:03:00 | WARN | repo=course-sys-int-systems | action=edit | files=4
2025-10-11 20:22:00 | DEBUG | repo=course-sys-int-systems | action=commit
2025-07-18 20:33:00 | WARN | repo=course-sys-int-systems | action=commit
2025-09-03 14:38:00 | DEBUG | repo=course-sys-int-systems | action=test | passed=true
2025-10-25 20:02:00 | WARN | repo=course-sys-int-systems | action=commit
2025-10-12 18:13:00 | INFO | repo=course-sys-int-systems | action=test | passed=true
2025-06-12 13:47:00 | INFO | repo=course-sys-int-systems | action=pull
2025-06-10 08:18:00 | DEBUG | repo=course-sys-int-systems | action=commit
